<?xml version="1.0" encoding="UTF-8"?>
<!-- Generated by org.testng.reporters.JUnitReportReporter -->
<testsuite hostname="ricardo-PC" name="pruebas.NewTest" tests="1" failures="0" timestamp="13 Nov 2012 07:24:36 GMT" time="0.464" errors="0">
  <testcase name="f" time="0.464" classname="pruebas.NewTest"/>
</testsuite> <!-- pruebas.NewTest -->
